  hl7hub.C
C:\repo\bankcheck.github.io\c\hl7hub\source\hl7hub.C(72,9): warning C4133: 'function': incompatible types - from 'char [7]' to 'LPCWSTR'
C:\repo\bankcheck.github.io\c\hl7hub\source\hl7hub.C(104,46): warning C4133: 'function': incompatible types - from 'char [20]' to 'LPTSTR'
C:\repo\bankcheck.github.io\c\hl7hub\source\hl7hub.C(137,50): warning C4133: 'function': incompatible types - from 'char [21]' to 'LPTSTR'
C:\repo\bankcheck.github.io\c\hl7hub\source\hl7hub.C(139,44): warning C4133: 'function': incompatible types - from 'char [27]' to 'LPTSTR'
C:\repo\bankcheck.github.io\c\hl7hub\source\hl7hub.C(141,1): warning C4133: 'function': incompatible types - from 'char [39]' to 'LPTSTR'
C:\repo\bankcheck.github.io\c\hl7hub\source\hl7hub.C(176,1): warning C4133: 'function': incompatible types - from 'char [39]' to 'LPTSTR'
  LOADREG.C
C:\repo\bankcheck.github.io\c\hl7hub\source\LOADREG.C(18,34): warning C4133: 'function': incompatible types - from 'char [1024]' to 'LPWSTR'
C:\repo\bankcheck.github.io\c\hl7hub\source\LOADREG.C(24,35): warning C4133: 'function': incompatible types - from 'char [7]' to 'LPCWSTR'
C:\repo\bankcheck.github.io\c\hl7hub\source\LOADREG.C(24,47): warning C4133: 'function': incompatible types - from 'char [4]' to 'LPCWSTR'
C:\repo\bankcheck.github.io\c\hl7hub\source\LOADREG.C(24,57): warning C4133: 'function': incompatible types - from 'char [260]' to 'LPCWSTR'
C:\repo\bankcheck.github.io\c\hl7hub\source\LOADREG.C(25,37): warning C4133: 'function': incompatible types - from 'char [7]' to 'LPCWSTR'
C:\repo\bankcheck.github.io\c\hl7hub\source\LOADREG.C(25,49): warning C4133: 'function': incompatible types - from 'char [6]' to 'LPCWSTR'
C:\repo\bankcheck.github.io\c\hl7hub\source\LOADREG.C(25,61): warning C4133: 'function': incompatible types - from 'char [260]' to 'LPCWSTR'
C:\repo\bankcheck.github.io\c\hl7hub\source\LOADREG.C(27,40): warning C4133: 'function': incompatible types - from 'char [7]' to 'LPCWSTR'
C:\repo\bankcheck.github.io\c\hl7hub\source\LOADREG.C(27,52): warning C4133: 'function': incompatible types - from 'char [8]' to 'LPCWSTR'
C:\repo\bankcheck.github.io\c\hl7hub\source\LOADREG.C(27,66): warning C4133: 'function': incompatible types - from 'char [260]' to 'LPCWSTR'
C:\repo\bankcheck.github.io\c\hl7hub\source\LOADREG.C(28,42): warning C4133: 'function': incompatible types - from 'char [7]' to 'LPCWSTR'
C:\repo\bankcheck.github.io\c\hl7hub\source\LOADREG.C(28,54): warning C4133: 'function': incompatible types - from 'char [10]' to 'LPCWSTR'
C:\repo\bankcheck.github.io\c\hl7hub\source\LOADREG.C(28,73): warning C4133: 'function': incompatible types - from 'char [260]' to 'LPCWSTR'
C:\repo\bankcheck.github.io\c\hl7hub\source\LOADREG.C(29,47): warning C4133: 'function': incompatible types - from 'char [7]' to 'LPCWSTR'
C:\repo\bankcheck.github.io\c\hl7hub\source\LOADREG.C(29,59): warning C4133: 'function': incompatible types - from 'char [15]' to 'LPCWSTR'
C:\repo\bankcheck.github.io\c\hl7hub\source\LOADREG.C(29,84): warning C4133: 'function': incompatible types - from 'char [260]' to 'LPCWSTR'
C:\repo\bankcheck.github.io\c\hl7hub\source\LOADREG.C(30,29): warning C4133: 'function': incompatible types - from 'char [7]' to 'LPCWSTR'
C:\repo\bankcheck.github.io\c\hl7hub\source\LOADREG.C(30,41): warning C4133: 'function': incompatible types - from 'char [5]' to 'LPCWSTR'
C:\repo\bankcheck.github.io\c\hl7hub\source\LOADREG.C(31,29): warning C4133: 'function': incompatible types - from 'char [4]' to 'LPCWSTR'
C:\repo\bankcheck.github.io\c\hl7hub\source\LOADREG.C(31,37): warning C4133: 'function': incompatible types - from 'char [260]' to 'LPWSTR'
C:\repo\bankcheck.github.io\c\hl7hub\source\LOADREG.C(31,52): warning C4133: 'function': incompatible types - from 'char [260]' to 'LPCWSTR'
C:\repo\bankcheck.github.io\c\hl7hub\source\LOADREG.C(32,29): warning C4133: 'function': incompatible types - from 'char [7]' to 'LPCWSTR'
C:\repo\bankcheck.github.io\c\hl7hub\source\LOADREG.C(32,41): warning C4133: 'function': incompatible types - from 'char [9]' to 'LPCWSTR'
C:\repo\bankcheck.github.io\c\hl7hub\source\LOADREG.C(33,29): warning C4133: 'function': incompatible types - from 'char [11]' to 'LPCWSTR'
C:\repo\bankcheck.github.io\c\hl7hub\source\LOADREG.C(33,45): warning C4133: 'function': incompatible types - from 'char [260]' to 'LPWSTR'
C:\repo\bankcheck.github.io\c\hl7hub\source\LOADREG.C(33,64): warning C4133: 'function': incompatible types - from 'char [260]' to 'LPCWSTR'
C:\repo\bankcheck.github.io\c\hl7hub\source\LOADREG.C(34,29): warning C4133: 'function': incompatible types - from 'char [7]' to 'LPCWSTR'
C:\repo\bankcheck.github.io\c\hl7hub\source\LOADREG.C(34,41): warning C4133: 'function': incompatible types - from 'char [7]' to 'LPCWSTR'
C:\repo\bankcheck.github.io\c\hl7hub\source\LOADREG.C(35,29): warning C4133: 'function': incompatible types - from 'char [14]' to 'LPCWSTR'
C:\repo\bankcheck.github.io\c\hl7hub\source\LOADREG.C(35,46): warning C4133: 'function': incompatible types - from 'char [80]' to 'LPWSTR'
C:\repo\bankcheck.github.io\c\hl7hub\source\LOADREG.C(35,63): warning C4133: 'function': incompatible types - from 'char [260]' to 'LPCWSTR'
C:\repo\bankcheck.github.io\c\hl7hub\source\LOADREG.C(36,29): warning C4133: 'function': incompatible types - from 'char [7]' to 'LPCWSTR'
C:\repo\bankcheck.github.io\c\hl7hub\source\LOADREG.C(36,41): warning C4133: 'function': incompatible types - from 'char [9]' to 'LPCWSTR'
C:\repo\bankcheck.github.io\c\hl7hub\source\LOADREG.C(37,29): warning C4133: 'function': incompatible types - from 'char [21]' to 'LPCWSTR'
C:\repo\bankcheck.github.io\c\hl7hub\source\LOADREG.C(37,57): warning C4133: 'function': incompatible types - from 'char [260]' to 'LPWSTR'
C:\repo\bankcheck.github.io\c\hl7hub\source\LOADREG.C(37,76): warning C4133: 'function': incompatible types - from 'char [260]' to 'LPCWSTR'
C:\repo\bankcheck.github.io\c\hl7hub\source\LOADREG.C(40,1): warning C4133: 'function': incompatible types - from 'char [39]' to 'LPTSTR'
C:\repo\bankcheck.github.io\c\hl7hub\source\LOADREG.C(13,5): error C4996: '_splitpath': This function or variable may be unsafe. Consider using _splitpath_s instead. To disable deprecation, use _CRT_SECURE_NO_WARNINGS. See online help for details.
C:\repo\bankcheck.github.io\c\hl7hub\source\LOADREG.C(19,9): error C4996: 'sprintf': This function or variable may be unsafe. Consider using sprintf_s instead. To disable deprecation, use _CRT_SECURE_NO_WARNINGS. See online help for details.
C:\repo\bankcheck.github.io\c\hl7hub\source\LOADREG.C(22,9): error C4996: '_makepath': This function or variable may be unsafe. Consider using _makepath_s instead. To disable deprecation, use _CRT_SECURE_NO_WARNINGS. See online help for details.
  LOG.C
C:\repo\bankcheck.github.io\c\hl7hub\source\LOG.C(19,5): error C4996: 'vsprintf': This function or variable may be unsafe. Consider using vsprintf_s instead. To disable deprecation, use _CRT_SECURE_NO_WARNINGS. See online help for details.
C:\repo\bankcheck.github.io\c\hl7hub\source\LOG.C(23,5): error C4996: 'strcpy': This function or variable may be unsafe. Consider using strcpy_s instead. To disable deprecation, use _CRT_SECURE_NO_WARNINGS. See online help for details.
C:\repo\bankcheck.github.io\c\hl7hub\source\LOG.C(25,9): error C4996: 'strtok': This function or variable may be unsafe. Consider using strtok_s instead. To disable deprecation, use _CRT_SECURE_NO_WARNINGS. See online help for details.
C:\repo\bankcheck.github.io\c\hl7hub\source\LOG.C(32,10): error C4996: 'localtime': This function or variable may be unsafe. Consider using localtime_s instead. To disable deprecation, use _CRT_SECURE_NO_WARNINGS. See online help for details.
C:\repo\bankcheck.github.io\c\hl7hub\source\LOG.C(34,9): error C4996: 'sprintf': This function or variable may be unsafe. Consider using sprintf_s instead. To disable deprecation, use _CRT_SECURE_NO_WARNINGS. See online help for details.
C:\repo\bankcheck.github.io\c\hl7hub\source\LOG.C(36,14): error C4996: 'fopen': This function or variable may be unsafe. Consider using fopen_s instead. To disable deprecation, use _CRT_SECURE_NO_WARNINGS. See online help for details.
C:\repo\bankcheck.github.io\c\hl7hub\source\LOG.C(45,37): warning C4028: formal parameter 2 different from declaration
C:\repo\bankcheck.github.io\c\hl7hub\source\LOG.C(71,13): warning C4133: 'function': incompatible types - from 'LPSTR [2]' to 'LPCWSTR *'
C:\repo\bankcheck.github.io\c\hl7hub\source\LOG.C(55,5): error C4996: 'vsprintf': This function or variable may be unsafe. Consider using vsprintf_s instead. To disable deprecation, use _CRT_SECURE_NO_WARNINGS. See online help for details.
  query.c
C:\repo\bankcheck.github.io\c\hl7hub\source\query.c(48,43): warning C4133: 'function': incompatible types - from 'SQLCHAR [10]' to 'SQLWCHAR *'
C:\repo\bankcheck.github.io\c\hl7hub\source\query.c(48,59): warning C4133: 'function': incompatible types - from 'SQLCHAR [101]' to 'SQLWCHAR *'
C:\repo\bankcheck.github.io\c\hl7hub\source\query.c(55,25): warning C4133: 'function': incompatible types - from 'SQLCHAR [500]' to 'SQLWCHAR *'
C:\repo\bankcheck.github.io\c\hl7hub\source\query.c(57,43): warning C4133: 'function': incompatible types - from 'SQLCHAR [10]' to 'SQLWCHAR *'
C:\repo\bankcheck.github.io\c\hl7hub\source\query.c(57,59): warning C4133: 'function': incompatible types - from 'SQLCHAR [101]' to 'SQLWCHAR *'
C:\repo\bankcheck.github.io\c\hl7hub\source\query.c(66,43): warning C4133: 'function': incompatible types - from 'SQLCHAR [10]' to 'SQLWCHAR *'
C:\repo\bankcheck.github.io\c\hl7hub\source\query.c(66,59): warning C4133: 'function': incompatible types - from 'SQLCHAR [101]' to 'SQLWCHAR *'
C:\repo\bankcheck.github.io\c\hl7hub\source\query.c(73,52): warning C4133: 'function': incompatible types - from 'SDWORD *' to 'SQLLEN *'
C:\repo\bankcheck.github.io\c\hl7hub\source\query.c(75,43): warning C4133: 'function': incompatible types - from 'SQLCHAR [10]' to 'SQLWCHAR *'
C:\repo\bankcheck.github.io\c\hl7hub\source\query.c(75,59): warning C4133: 'function': incompatible types - from 'SQLCHAR [101]' to 'SQLWCHAR *'
C:\repo\bankcheck.github.io\c\hl7hub\source\query.c(82,50): warning C4133: 'function': incompatible types - from 'SDWORD *' to 'SQLLEN *'
C:\repo\bankcheck.github.io\c\hl7hub\source\query.c(84,43): warning C4133: 'function': incompatible types - from 'SQLCHAR [10]' to 'SQLWCHAR *'
C:\repo\bankcheck.github.io\c\hl7hub\source\query.c(84,59): warning C4133: 'function': incompatible types - from 'SQLCHAR [101]' to 'SQLWCHAR *'
C:\repo\bankcheck.github.io\c\hl7hub\source\query.c(91,46): warning C4133: 'function': incompatible types - from 'SDWORD *' to 'SQLLEN *'
C:\repo\bankcheck.github.io\c\hl7hub\source\query.c(93,43): warning C4133: 'function': incompatible types - from 'SQLCHAR [10]' to 'SQLWCHAR *'
C:\repo\bankcheck.github.io\c\hl7hub\source\query.c(93,59): warning C4133: 'function': incompatible types - from 'SQLCHAR [101]' to 'SQLWCHAR *'
C:\repo\bankcheck.github.io\c\hl7hub\source\query.c(100,54): warning C4133: 'function': incompatible types - from 'SDWORD *' to 'SQLLEN *'
C:\repo\bankcheck.github.io\c\hl7hub\source\query.c(102,43): warning C4133: 'function': incompatible types - from 'SQLCHAR [10]' to 'SQLWCHAR *'
C:\repo\bankcheck.github.io\c\hl7hub\source\query.c(102,59): warning C4133: 'function': incompatible types - from 'SQLCHAR [101]' to 'SQLWCHAR *'
C:\repo\bankcheck.github.io\c\hl7hub\source\query.c(125,45): warning C4133: 'function': incompatible types - from 'SQLCHAR [10]' to 'SQLWCHAR *'
C:\repo\bankcheck.github.io\c\hl7hub\source\query.c(125,61): warning C4133: 'function': incompatible types - from 'SQLCHAR [101]' to 'SQLWCHAR *'
C:\repo\bankcheck.github.io\c\hl7hub\source\query.c(132,27): warning C4133: 'function': incompatible types - from 'SQLCHAR [500]' to 'SQLWCHAR *'
C:\repo\bankcheck.github.io\c\hl7hub\source\query.c(134,45): warning C4133: 'function': incompatible types - from 'SQLCHAR [10]' to 'SQLWCHAR *'
C:\repo\bankcheck.github.io\c\hl7hub\source\query.c(134,61): warning C4133: 'function': incompatible types - from 'SQLCHAR [101]' to 'SQLWCHAR *'
C:\repo\bankcheck.github.io\c\hl7hub\source\query.c(143,45): warning C4133: 'function': incompatible types - from 'SQLCHAR [10]' to 'SQLWCHAR *'
C:\repo\bankcheck.github.io\c\hl7hub\source\query.c(143,61): warning C4133: 'function': incompatible types - from 'SQLCHAR [101]' to 'SQLWCHAR *'
C:\repo\bankcheck.github.io\c\hl7hub\source\query.c(150,53): warning C4133: 'function': incompatible types - from 'SDWORD *' to 'SQLLEN *'
C:\repo\bankcheck.github.io\c\hl7hub\source\query.c(152,45): warning C4133: 'function': incompatible types - from 'SQLCHAR [10]' to 'SQLWCHAR *'
C:\repo\bankcheck.github.io\c\hl7hub\source\query.c(152,61): warning C4133: 'function': incompatible types - from 'SQLCHAR [101]' to 'SQLWCHAR *'
C:\repo\bankcheck.github.io\c\hl7hub\source\query.c(174,12): warning C4133: 'function': incompatible types - from 'char [260]' to 'LPCWSTR'
C:\repo\bankcheck.github.io\c\hl7hub\source\query.c(174,22): warning C4133: 'function': incompatible types - from 'char [260]' to 'LPCWSTR'
C:\repo\bankcheck.github.io\c\hl7hub\source\query.c(185,45): warning C4133: 'function': incompatible types - from 'SQLCHAR [10]' to 'SQLWCHAR *'
C:\repo\bankcheck.github.io\c\hl7hub\source\query.c(185,61): warning C4133: 'function': incompatible types - from 'SQLCHAR [101]' to 'SQLWCHAR *'
C:\repo\bankcheck.github.io\c\hl7hub\source\query.c(191,36): warning C4133: 'function': incompatible types - from 'SDWORD *' to 'SQLLEN *'
C:\repo\bankcheck.github.io\c\hl7hub\source\query.c(193,45): warning C4133: 'function': incompatible types - from 'SQLCHAR [10]' to 'SQLWCHAR *'
C:\repo\bankcheck.github.io\c\hl7hub\source\query.c(193,61): warning C4133: 'function': incompatible types - from 'SQLCHAR [101]' to 'SQLWCHAR *'
C:\repo\bankcheck.github.io\c\hl7hub\source\query.c(198,27): warning C4133: 'function': incompatible types - from 'SQLCHAR [500]' to 'SQLWCHAR *'
C:\repo\bankcheck.github.io\c\hl7hub\source\query.c(200,45): warning C4133: 'function': incompatible types - from 'SQLCHAR [10]' to 'SQLWCHAR *'
C:\repo\bankcheck.github.io\c\hl7hub\source\query.c(200,61): warning C4133: 'function': incompatible types - from 'SQLCHAR [101]' to 'SQLWCHAR *'
C:\repo\bankcheck.github.io\c\hl7hub\source\query.c(207,45): warning C4133: 'function': incompatible types - from 'SQLCHAR [10]' to 'SQLWCHAR *'
C:\repo\bankcheck.github.io\c\hl7hub\source\query.c(207,61): warning C4133: 'function': incompatible types - from 'SQLCHAR [101]' to 'SQLWCHAR *'
C:\repo\bankcheck.github.io\c\hl7hub\source\query.c(214,45): warning C4133: 'function': incompatible types - from 'SQLCHAR [10]' to 'SQLWCHAR *'
C:\repo\bankcheck.github.io\c\hl7hub\source\query.c(214,61): warning C4133: 'function': incompatible types - from 'SQLCHAR [101]' to 'SQLWCHAR *'
C:\repo\bankcheck.github.io\c\hl7hub\source\query.c(224,45): warning C4133: 'function': incompatible types - from 'SQLCHAR [10]' to 'SQLWCHAR *'
C:\repo\bankcheck.github.io\c\hl7hub\source\query.c(224,61): warning C4133: 'function': incompatible types - from 'SQLCHAR [101]' to 'SQLWCHAR *'
C:\repo\bankcheck.github.io\c\hl7hub\source\query.c(234,43): warning C4133: 'function': incompatible types - from 'SQLCHAR [10]' to 'SQLWCHAR *'
C:\repo\bankcheck.github.io\c\hl7hub\source\query.c(234,59): warning C4133: 'function': incompatible types - from 'SQLCHAR [101]' to 'SQLWCHAR *'
C:\repo\bankcheck.github.io\c\hl7hub\source\query.c(43,2): error C4996: 'sprintf': This function or variable may be unsafe. Consider using sprintf_s instead. To disable deprecation, use _CRT_SECURE_NO_WARNINGS. See online help for details.
C:\repo\bankcheck.github.io\c\hl7hub\source\query.c(111,3): error C4996: 'sprintf': This function or variable may be unsafe. Consider using sprintf_s instead. To disable deprecation, use _CRT_SECURE_NO_WARNINGS. See online help for details.
C:\repo\bankcheck.github.io\c\hl7hub\source\query.c(113,8): error C4996: 'fopen': This function or variable may be unsafe. Consider using fopen_s instead. To disable deprecation, use _CRT_SECURE_NO_WARNINGS. See online help for details.
C:\repo\bankcheck.github.io\c\hl7hub\source\query.c(121,3): error C4996: 'sprintf': This function or variable may be unsafe. Consider using sprintf_s instead. To disable deprecation, use _CRT_SECURE_NO_WARNINGS. See online help for details.
C:\repo\bankcheck.github.io\c\hl7hub\source\query.c(165,5): error C4996: 'sprintf': This function or variable may be unsafe. Consider using sprintf_s instead. To disable deprecation, use _CRT_SECURE_NO_WARNINGS. See online help for details.
C:\repo\bankcheck.github.io\c\hl7hub\source\query.c(173,3): error C4996: 'sprintf': This function or variable may be unsafe. Consider using sprintf_s instead. To disable deprecation, use _CRT_SECURE_NO_WARNINGS. See online help for details.
C:\repo\bankcheck.github.io\c\hl7hub\source\query.c(177,3): error C4996: 'sprintf': This function or variable may be unsafe. Consider using sprintf_s instead. To disable deprecation, use _CRT_SECURE_NO_WARNINGS. See online help for details.
  SERVICE.C
C:\repo\bankcheck.github.io\c\hl7hub\source\SERVICE.C(126,1): warning C4133: 'function': incompatible types - from 'char [39]' to 'LPTSTR'
C:\repo\bankcheck.github.io\c\hl7hub\source\SERVICE.C(86,5): error C4996: 'sprintf': This function or variable may be unsafe. Consider using sprintf_s instead. To disable deprecation, use _CRT_SECURE_NO_WARNINGS. See online help for details.
C:\repo\bankcheck.github.io\c\hl7hub\source\SERVICE.C(189,1): warning C4133: 'function': incompatible types - from 'char [39]' to 'LPTSTR'
C:\repo\bankcheck.github.io\c\hl7hub\source\SERVICE.C(245,1): warning C4133: 'function': incompatible types - from 'char [39]' to 'LPTSTR'
C:\repo\bankcheck.github.io\c\hl7hub\source\SERVICE.C(303,1): warning C4133: 'function': incompatible types - from 'char [39]' to 'LPTSTR'
C:\repo\bankcheck.github.io\c\hl7hub\source\SERVICE.C(353,1): warning C4133: 'function': incompatible types - from 'char [39]' to 'LPTSTR'
C:\repo\bankcheck.github.io\c\hl7hub\source\SERVICE.C(335,5): error C4996: '_swprintf': This function or variable may be unsafe. Consider using swprintf_s instead. To disable deprecation, use _CRT_SECURE_NO_WARNINGS. See online help for details.
C:\repo\bankcheck.github.io\c\hl7hub\source\SERVICE.C(420,48): warning C4133: 'function': incompatible types - from 'TCHAR [512]' to 'LPSTR'
C:\repo\bankcheck.github.io\c\hl7hub\source\SERVICE.C(432,1): warning C4133: 'function': incompatible types - from 'char [39]' to 'LPTSTR'
C:\repo\bankcheck.github.io\c\hl7hub\source\SERVICE.C(512,1): warning C4133: 'function': incompatible types - from 'char [39]' to 'LPTSTR'
C:\repo\bankcheck.github.io\c\hl7hub\source\SERVICE.C(560,1): warning C4133: 'function': incompatible types - from 'char [39]' to 'LPTSTR'
C:\repo\bankcheck.github.io\c\hl7hub\source\SERVICE.C(594,1): warning C4133: 'function': incompatible types - from 'char [39]' to 'LPTSTR'
C:\repo\bankcheck.github.io\c\hl7hub\source\SERVICE.C(641,1): warning C4133: 'function': incompatible types - from 'char [39]' to 'LPTSTR'
C:\repo\bankcheck.github.io\c\hl7hub\source\SERVICE.C(634,9): error C4996: '_swprintf': This function or variable may be unsafe. Consider using swprintf_s instead. To disable deprecation, use _CRT_SECURE_NO_WARNINGS. See online help for details.
C:\repo\bankcheck.github.io\c\hl7hub\source\SERVICE.C(658,49): warning C4133: 'function': incompatible types - from 'char [1024]' to 'LPCWSTR'
C:\repo\bankcheck.github.io\c\hl7hub\source\SERVICE.C(665,16): warning C4133: 'function': incompatible types - from 'char [17]' to 'LPCWSTR'
C:\repo\bankcheck.github.io\c\hl7hub\source\SERVICE.C(669,34): warning C4267: 'function': conversion from 'size_t' to 'DWORD', possible loss of data
C:\repo\bankcheck.github.io\c\hl7hub\source\SERVICE.C(680,16): warning C4133: 'function': incompatible types - from 'char [15]' to 'LPCWSTR'
C:\repo\bankcheck.github.io\c\hl7hub\source\SERVICE.C(692,1): warning C4133: 'function': incompatible types - from 'char [39]' to 'LPTSTR'
C:\repo\bankcheck.github.io\c\hl7hub\source\SERVICE.C(655,5): error C4996: 'sprintf': This function or variable may be unsafe. Consider using sprintf_s instead. To disable deprecation, use _CRT_SECURE_NO_WARNINGS. See online help for details.
C:\repo\bankcheck.github.io\c\hl7hub\source\SERVICE.C(708,49): warning C4133: 'function': incompatible types - from 'char [1024]' to 'LPCWSTR'
C:\repo\bankcheck.github.io\c\hl7hub\source\SERVICE.C(714,35): warning C4133: 'function': incompatible types - from 'char [17]' to 'LPCWSTR'
C:\repo\bankcheck.github.io\c\hl7hub\source\SERVICE.C(718,35): warning C4133: 'function': incompatible types - from 'char [15]' to 'LPCWSTR'
C:\repo\bankcheck.github.io\c\hl7hub\source\SERVICE.C(724,49): warning C4133: 'function': incompatible types - from 'char [1024]' to 'LPCWSTR'
C:\repo\bankcheck.github.io\c\hl7hub\source\SERVICE.C(729,1): warning C4133: 'function': incompatible types - from 'char [39]' to 'LPTSTR'
C:\repo\bankcheck.github.io\c\hl7hub\source\SERVICE.C(705,5): error C4996: 'sprintf': This function or variable may be unsafe. Consider using sprintf_s instead. To disable deprecation, use _CRT_SECURE_NO_WARNINGS. See online help for details.
  TOOL.C
C:\repo\bankcheck.github.io\c\hl7hub\source\TOOL.C(11,11): warning C4267: '=': conversion from 'size_t' to 'int', possible loss of data
C:\repo\bankcheck.github.io\c\hl7hub\source\TOOL.C(17,1): warning C4133: 'function': incompatible types - from 'char [39]' to 'LPTSTR'
C:\repo\bankcheck.github.io\c\hl7hub\source\TOOL.C(35,4): warning C4133: 'function': incompatible types - from 'char [10]' to 'SQLWCHAR *'
C:\repo\bankcheck.github.io\c\hl7hub\source\TOOL.C(35,20): warning C4133: 'function': incompatible types - from 'char [101]' to 'SQLWCHAR *'
C:\repo\bankcheck.github.io\c\hl7hub\source\TOOL.C(42,4): warning C4133: 'function': incompatible types - from 'char [10]' to 'SQLWCHAR *'
C:\repo\bankcheck.github.io\c\hl7hub\source\TOOL.C(42,20): warning C4133: 'function': incompatible types - from 'char [101]' to 'SQLWCHAR *'
C:\repo\bankcheck.github.io\c\hl7hub\source\TOOL.C(49,4): warning C4133: 'function': incompatible types - from 'char [10]' to 'SQLWCHAR *'
C:\repo\bankcheck.github.io\c\hl7hub\source\TOOL.C(49,20): warning C4133: 'function': incompatible types - from 'char [101]' to 'SQLWCHAR *'
C:\repo\bankcheck.github.io\c\hl7hub\source\TOOL.C(56,20): warning C4133: 'function': incompatible types - from 'SQLCHAR *' to 'SQLWCHAR *'
C:\repo\bankcheck.github.io\c\hl7hub\source\TOOL.C(58,9): warning C4133: 'function': incompatible types - from 'SQLCHAR [255]' to 'SQLWCHAR *'
C:\repo\bankcheck.github.io\c\hl7hub\source\TOOL.C(65,4): warning C4133: 'function': incompatible types - from 'char [10]' to 'SQLWCHAR *'
C:\repo\bankcheck.github.io\c\hl7hub\source\TOOL.C(65,20): warning C4133: 'function': incompatible types - from 'char [101]' to 'SQLWCHAR *'
C:\repo\bankcheck.github.io\c\hl7hub\source\TOOL.C(81,4): warning C4133: 'function': incompatible types - from 'char [10]' to 'SQLWCHAR *'
C:\repo\bankcheck.github.io\c\hl7hub\source\TOOL.C(81,20): warning C4133: 'function': incompatible types - from 'char [101]' to 'SQLWCHAR *'
C:\repo\bankcheck.github.io\c\hl7hub\source\TOOL.C(88,4): warning C4133: 'function': incompatible types - from 'char [10]' to 'SQLWCHAR *'
C:\repo\bankcheck.github.io\c\hl7hub\source\TOOL.C(88,20): warning C4133: 'function': incompatible types - from 'char [101]' to 'SQLWCHAR *'
C:\repo\bankcheck.github.io\c\hl7hub\source\TOOL.C(96,4): warning C4133: 'function': incompatible types - from 'char [10]' to 'SQLWCHAR *'
C:\repo\bankcheck.github.io\c\hl7hub\source\TOOL.C(96,20): warning C4133: 'function': incompatible types - from 'char [101]' to 'SQLWCHAR *'
  Generating Code...
