

***********************************************************************
Fatal NI connect error 12516, connecting to:
 (DESCRIPTION=(ADDRESS=(PROTOCOL=TCP)(HOST=192.168.0.166)(PORT=1521))(CONNECT_DATA=(SERVICE_NAME=TWLIS)(CID=(PROGRAM=C:\Program Files\Sybase\PowerBuilder 10.5\PB105.EXE)(HOST=IM_ARRAN)(USER=arran_siu))))

  VERSION INFORMATION:
	TNS for 32-bit Windows: Version 9.2.0.1.0 - Production
	Windows NT TCP/IP NT Protocol Adapter for 32-bit Windows: Version 9.2.0.1.0 - Production
  Time: 28-11æœˆ-2016 15:58:56
  Tracing not turned on.
  Tns error struct:
    nr err code: 0
    ns main err code: 12564
    TNS-12564: TNS:connection refused
    ns secondary err code: 0
    nt main err code: 0
    nt secondary err code: 0
    nt OS err code: 0


***********************************************************************
Fatal NI connect error 12516, connecting to:
 (DESCRIPTION=(ADDRESS=(PROTOCOL=TCP)(HOST=192.168.0.166)(PORT=1521))(CONNECT_DATA=(SERVICE_NAME=TWLIS)(CID=(PROGRAM=C:\Program Files\Sybase\PowerBuilder 10.5\PB105.EXE)(HOST=IM_ARRAN)(USER=arran_siu))))

  VERSION INFORMATION:
	TNS for 32-bit Windows: Version 9.2.0.1.0 - Production
	Windows NT TCP/IP NT Protocol Adapter for 32-bit Windows: Version 9.2.0.1.0 - Production
  Time: 28-11æœˆ-2016 15:59:03
  Tracing not turned on.
  Tns error struct:
    nr err code: 0
    ns main err code: 12564
    TNS-12564: TNS:connection refused
    ns secondary err code: 0
    nt main err code: 0
    nt secondary err code: 0
    nt OS err code: 0


***********************************************************************
Fatal NI connect error 12514, connecting to:
 (DESCRIPTION=(CONNECT_DATA=(SID=*)(SERVICE_NAME=160.100.3.55)(CID=(PROGRAM=C:\Program Files\Sybase\PowerBuilder 10.5\PB105.EXE)(HOST=IM_ARRAN)(USER=arran_siu)))(ADDRESS=(PROTOCOL=TCP)(HOST=160.100.3.55)(PORT=1521)))

  VERSION INFORMATION:
	TNS for 32-bit Windows: Version 9.2.0.1.0 - Production
	Windows NT TCP/IP NT Protocol Adapter for 32-bit Windows: Version 9.2.0.1.0 - Production
  Time: 22-12æœˆ-2016 15:28:38
  Tracing not turned on.
  Tns error struct:
    nr err code: 0
    ns main err code: 12564
    TNS-12564: TNS:connection refused
    ns secondary err code: 0
    nt main err code: 0
    nt secondary err code: 0
    nt OS err code: 0


***********************************************************************
Fatal NI connect error 12514, connecting to:
 (DESCRIPTION=(CONNECT_DATA=(SID=*)(SERVICE_NAME=160.100.3.55)(CID=(PROGRAM=C:\Program Files\Sybase\PowerBuilder 10.5\PB105.EXE)(HOST=IM_ARRAN)(USER=arran_siu)))(ADDRESS=(PROTOCOL=TCP)(HOST=160.100.3.55)(PORT=1521)))

  VERSION INFORMATION:
	TNS for 32-bit Windows: Version 9.2.0.1.0 - Production
	Windows NT TCP/IP NT Protocol Adapter for 32-bit Windows: Version 9.2.0.1.0 - Production
  Time: 22-12æœˆ-2016 15:28:43
  Tracing not turned on.
  Tns error struct:
    nr err code: 0
    ns main err code: 12564
    TNS-12564: TNS:connection refused
    ns secondary err code: 0
    nt main err code: 0
    nt secondary err code: 0
    nt OS err code: 0


***********************************************************************
Fatal NI connect error 12516, connecting to:
 (DESCRIPTION=(ADDRESS=(PROTOCOL=TCP)(HOST=192.168.0.166)(PORT=1521))(CONNECT_DATA=(SERVICE_NAME=TWLIS)(CID=(PROGRAM=C:\Sybase\PowerBuilder 10.5\PB105.EXE)(HOST=TOY-PC1)(USER=toy_pang))))

  VERSION INFORMATION:
	TNS for 32-bit Windows: Version 9.2.0.1.0 - Production
	Windows NT TCP/IP NT Protocol Adapter for 32-bit Windows: Version 9.2.0.1.0 - Production
  Time: 13-MAR-2017 14:47:00
  Tracing not turned on.
  Tns error struct:
    nr err code: 0
    ns main err code: 12564
    TNS-12564: TNS:connection refused
    ns secondary err code: 0
    nt main err code: 0
    nt secondary err code: 0
    nt OS err code: 0


***********************************************************************
Fatal NI connect error 12516, connecting to:
 (DESCRIPTION=(ADDRESS=(PROTOCOL=TCP)(HOST=192.168.0.166)(PORT=1521))(CONNECT_DATA=(SERVICE_NAME=TWLIS)(CID=(PROGRAM=C:\Sybase\PowerBuilder 10.5\PB105.EXE)(HOST=TOY-PC1)(USER=toy_pang))))

  VERSION INFORMATION:
	TNS for 32-bit Windows: Version 9.2.0.1.0 - Production
	Windows NT TCP/IP NT Protocol Adapter for 32-bit Windows: Version 9.2.0.1.0 - Production
  Time: 13-MAR-2017 14:47:06
  Tracing not turned on.
  Tns error struct:
    nr err code: 0
    ns main err code: 12564
    TNS-12564: TNS:connection refused
    ns secondary err code: 0
    nt main err code: 0
    nt secondary err code: 0
    nt OS err code: 0


***********************************************************************
Fatal NI connect error 12535, connecting to:
 (DESCRIPTION=(ADDRESS=(PROTOCOL=TCP)(HOST=160.100.3.57)(PORT=1521))(CONNECT_DATA=(SERVICE_NAME=HKLIS)(CID=(PROGRAM=C:\Sybase\PowerBuilder 10.5\PB105.EXE)(HOST=TOY-PC1)(USER=toy_pang))))

  VERSION INFORMATION:
	TNS for 32-bit Windows: Version 9.2.0.1.0 - Production
	Windows NT TCP/IP NT Protocol Adapter for 32-bit Windows: Version 9.2.0.1.0 - Production
  Time: 24-AUG-2017 16:04:58
  Tracing not turned on.
  Tns error struct:
    nr err code: 0
    ns main err code: 12535
    TNS-12535: TNS:operation timed out
    ns secondary err code: 12560
    nt main err code: 505
    TNS-00505: Operation timed out
    nt secondary err code: 60
    nt OS err code: 0


***********************************************************************
Fatal NI connect error 12535, connecting to:
 (DESCRIPTION=(ADDRESS=(PROTOCOL=TCP)(HOST=160.100.3.56)(PORT=1521))(CONNECT_DATA=(SERVICE_NAME=HKLIS)(CID=(PROGRAM=C:\Sybase\PowerBuilder 10.5\PB105.EXE)(HOST=TOY-PC1)(USER=toy_pang))))

  VERSION INFORMATION:
	TNS for 32-bit Windows: Version 9.2.0.1.0 - Production
	Windows NT TCP/IP NT Protocol Adapter for 32-bit Windows: Version 9.2.0.1.0 - Production
  Time: 24-AUG-2017 16:05:45
  Tracing not turned on.
  Tns error struct:
    nr err code: 0
    ns main err code: 12535
    TNS-12535: TNS:operation timed out
    ns secondary err code: 12560
    nt main err code: 505
    TNS-00505: Operation timed out
    nt secondary err code: 60
    nt OS err code: 0


***********************************************************************
Fatal NI connect error 12535, connecting to:
 (DESCRIPTION=(ADDRESS=(PROTOCOL=TCP)(HOST=160.100.3.55)(PORT=1521))(CONNECT_DATA=(SERVICE_NAME=HKLIS)(CID=(PROGRAM=C:\Sybase\PowerBuilder 10.5\PB105.EXE)(HOST=TOY-PC1)(USER=toy_pang))))

  VERSION INFORMATION:
	TNS for 32-bit Windows: Version 9.2.0.1.0 - Production
	Windows NT TCP/IP NT Protocol Adapter for 32-bit Windows: Version 9.2.0.1.0 - Production
  Time: 04-SEP-2017 14:44:09
  Tracing not turned on.
  Tns error struct:
    nr err code: 0
    ns main err code: 12535
    TNS-12535: TNS:operation timed out
    ns secondary err code: 12560
    nt main err code: 505
    TNS-00505: Operation timed out
    nt secondary err code: 60
    nt OS err code: 0


***********************************************************************
Fatal NI connect error 12514, connecting to:
 (DESCRIPTION=(ADDRESS=(PROTOCOL=TCP)(HOST=160.100.1.77)(PORT=1521))(CONNECT_DATA=(SERVICE_NAME=tcis)(CID=(PROGRAM=C:\Program Files\Sybase\PowerBuilder 10.5\PB105.EXE)(HOST=IM_ARRAN)(USER=arran_siu))))

  VERSION INFORMATION:
	TNS for 32-bit Windows: Version 9.2.0.1.0 - Production
	Windows NT TCP/IP NT Protocol Adapter for 32-bit Windows: Version 9.2.0.1.0 - Production
  Time: 11-9æœˆ -2017 15:10:59
  Tracing not turned on.
  Tns error struct:
    nr err code: 0
    ns main err code: 12564
    TNS-12564: TNS:connection refused
    ns secondary err code: 0
    nt main err code: 0
    nt secondary err code: 0
    nt OS err code: 0


***********************************************************************
Fatal NI connect error 12514, connecting to:
 (DESCRIPTION=(ADDRESS=(PROTOCOL=TCP)(HOST=160.100.1.77)(PORT=1521))(CONNECT_DATA=(SERVICE_NAME=tcis)(CID=(PROGRAM=C:\Program Files\Sybase\PowerBuilder 10.5\PB105.EXE)(HOST=IM_ARRAN)(USER=arran_siu))))

  VERSION INFORMATION:
	TNS for 32-bit Windows: Version 9.2.0.1.0 - Production
	Windows NT TCP/IP NT Protocol Adapter for 32-bit Windows: Version 9.2.0.1.0 - Production
  Time: 13-12æœˆ-2017 12:10:02
  Tracing not turned on.
  Tns error struct:
    nr err code: 0
    ns main err code: 12564
    TNS-12564: TNS:connection refused
    ns secondary err code: 0
    nt main err code: 0
    nt secondary err code: 0
    nt OS err code: 0


***********************************************************************
Fatal NI connect error 12514, connecting to:
 (DESCRIPTION=(ADDRESS=(PROTOCOL=TCP)(HOST=160.100.1.77)(PORT=1521))(CONNECT_DATA=(SERVICE_NAME=tcis)(CID=(PROGRAM=C:\Sybase\PowerBuilder 10.5\PB105.EXE)(HOST=IM-ARRANSIU)(USER=arran_siu))))

  VERSION INFORMATION:
	TNS for 32-bit Windows: Version 9.2.0.1.0 - Production
	Windows NT TCP/IP NT Protocol Adapter for 32-bit Windows: Version 9.2.0.1.0 - Production
  Time: 09-MAY-2018 11:31:18
  Tracing not turned on.
  Tns error struct:
    nr err code: 0
    ns main err code: 12564
    TNS-12564: TNS:connection refused
    ns secondary err code: 0
    nt main err code: 0
    nt secondary err code: 0
    nt OS err code: 0


***********************************************************************
Fatal NI connect error 12514, connecting to:
 (DESCRIPTION=(CONNECT_DATA=(SID=*)(SERVICE_NAME=rac-scan)(CID=(PROGRAM=C:\Sybase\PowerBuilder 10.5\PB105.EXE)(HOST=IM-ARRAN02)(USER=arran_siu)))(ADDRESS=(PROTOCOL=TCP)(HOST=rac-scan)(PORT=1521)))

  VERSION INFORMATION:
	TNS for 32-bit Windows: Version 9.2.0.1.0 - Production
	Windows NT TCP/IP NT Protocol Adapter for 32-bit Windows: Version 9.2.0.1.0 - Production
  Time: 14-AUG-2019 16:01:45
  Tracing not turned on.
  Tns error struct:
    nr err code: 0
    ns main err code: 12564
    TNS-12564: TNS:connection refused
    ns secondary err code: 0
    nt main err code: 0
    nt secondary err code: 0
    nt OS err code: 0


***********************************************************************
Fatal NI connect error 12514, connecting to:
 (DESCRIPTION=(ADDRESS=(PROTOCOL=TCP)(HOST=160.100.1.77)(PORT=1521))(CONNECT_DATA=(SERVICE_NAME=tcis)(CID=(PROGRAM=C:\Sybase\PowerBuilder 10.5\PB105.EXE)(HOST=IM-ARRAN02)(USER=arran_siu))))

  VERSION INFORMATION:
	TNS for 32-bit Windows: Version 9.2.0.1.0 - Production
	Windows NT TCP/IP NT Protocol Adapter for 32-bit Windows: Version 9.2.0.1.0 - Production
  Time: 18-SEP-2019 10:10:22
  Tracing not turned on.
  Tns error struct:
    nr err code: 0
    ns main err code: 12564
    TNS-12564: TNS:connection refused
    ns secondary err code: 0
    nt main err code: 0
    nt secondary err code: 0
    nt OS err code: 0


***********************************************************************
Fatal NI connect error 12514, connecting to:
 (DESCRIPTION=(ADDRESS=(PROTOCOL=TCP)(HOST=160.100.1.77)(PORT=1521))(CONNECT_DATA=(SERVICE_NAME=tcis)(CID=(PROGRAM=C:\Sybase\PowerBuilder 10.5\PB105.EXE)(HOST=IM-ARRAN02)(USER=arran_siu))))

  VERSION INFORMATION:
	TNS for 32-bit Windows: Version 9.2.0.1.0 - Production
	Windows NT TCP/IP NT Protocol Adapter for 32-bit Windows: Version 9.2.0.1.0 - Production
  Time: 18-SEP-2019 10:14:07
  Tracing not turned on.
  Tns error struct:
    nr err code: 0
    ns main err code: 12564
    TNS-12564: TNS:connection refused
    ns secondary err code: 0
    nt main err code: 0
    nt secondary err code: 0
    nt OS err code: 0


***********************************************************************
Fatal NI connect error 12543, connecting to:
 (DESCRIPTION=(ADDRESS=(PROTOCOL=TCP)(HOST=160.100.1.77)(PORT=1521))(CONNECT_DATA=(SERVICE_NAME=ulis)(CID=(PROGRAM=C:\Sybase\PowerBuilder 10.5\PB105.EXE)(HOST=IM-ARRAN02)(USER=arran_siu))))

  VERSION INFORMATION:
	TNS for 32-bit Windows: Version 9.2.0.1.0 - Production
	Windows NT TCP/IP NT Protocol Adapter for 32-bit Windows: Version 9.2.0.1.0 - Production
  Time: 04-NOV-2019 09:30:59
  Tracing not turned on.
  Tns error struct:
    nr err code: 0
    ns main err code: 12543
    TNS-12543: TNS:destination host unreachable
    ns secondary err code: 12560
    nt main err code: 513
    TNS-00513: Destination host unreachable
    nt secondary err code: 51
    nt OS err code: 0


***********************************************************************
Fatal NI connect error 12543, connecting to:
 (DESCRIPTION=(ADDRESS=(PROTOCOL=TCP)(HOST=160.100.1.77)(PORT=1521))(CONNECT_DATA=(SERVICE_NAME=ulis)(CID=(PROGRAM=C:\Sybase\PowerBuilder 10.5\PB105.EXE)(HOST=IM-ARRAN02)(USER=arran_siu))))

  VERSION INFORMATION:
	TNS for 32-bit Windows: Version 9.2.0.1.0 - Production
	Windows NT TCP/IP NT Protocol Adapter for 32-bit Windows: Version 9.2.0.1.0 - Production
  Time: 04-NOV-2019 09:31:02
  Tracing not turned on.
  Tns error struct:
    nr err code: 0
    ns main err code: 12543
    TNS-12543: TNS:destination host unreachable
    ns secondary err code: 12560
    nt main err code: 513
    TNS-00513: Destination host unreachable
    nt secondary err code: 51
    nt OS err code: 0


***********************************************************************
Fatal NI connect error 12543, connecting to:
 (DESCRIPTION=(ADDRESS=(PROTOCOL=TCP)(HOST=160.100.1.77)(PORT=1521))(CONNECT_DATA=(SERVICE_NAME=ulis)(CID=(PROGRAM=C:\Sybase\PowerBuilder 10.5\PB105.EXE)(HOST=IM-ARRAN02)(USER=arran_siu))))

  VERSION INFORMATION:
	TNS for 32-bit Windows: Version 9.2.0.1.0 - Production
	Windows NT TCP/IP NT Protocol Adapter for 32-bit Windows: Version 9.2.0.1.0 - Production
  Time: 04-NOV-2019 09:31:05
  Tracing not turned on.
  Tns error struct:
    nr err code: 0
    ns main err code: 12543
    TNS-12543: TNS:destination host unreachable
    ns secondary err code: 12560
    nt main err code: 513
    TNS-00513: Destination host unreachable
    nt secondary err code: 51
    nt OS err code: 0


***********************************************************************
Fatal NI connect error 12537, connecting to:
 (DESCRIPTION=(ADDRESS=(PROTOCOL=TCP)(HOST=160.100.1.77)(PORT=1521))(CONNECT_DATA=(SERVICE_NAME=ulis)(CID=(PROGRAM=C:\Sybase\PowerBuilder 10.5\PB105.EXE)(HOST=IM-ARRAN02)(USER=arran_siu))))

  VERSION INFORMATION:
	TNS for 32-bit Windows: Version 9.2.0.1.0 - Production
	Windows NT TCP/IP NT Protocol Adapter for 32-bit Windows: Version 9.2.0.1.0 - Production
  Time: 05-NOV-2019 08:54:14
  Tracing not turned on.
  Tns error struct:
    nr err code: 0
    ns main err code: 12537
    TNS-12537: TNS:connection closed
    ns secondary err code: 12560
    nt main err code: 507
    TNS-00507: Connection closed
    nt secondary err code: 0
    nt OS err code: 0


***********************************************************************
Fatal NI connect error 12535, connecting to:
 (DESCRIPTION=(ADDRESS=(PROTOCOL=TCP)(HOST=192.168.0.166)(PORT=1521))(CONNECT_DATA=(SERVICE_NAME=TWLIS)(CID=(PROGRAM=C:\Sybase\PowerBuilder 10.5\PB105.EXE)(HOST=IM-ARRAN02)(USER=arran_siu))))

  VERSION INFORMATION:
	TNS for 32-bit Windows: Version 9.2.0.1.0 - Production
	Windows NT TCP/IP NT Protocol Adapter for 32-bit Windows: Version 9.2.0.1.0 - Production
  Time: 18-AUG-2020 16:37:58
  Tracing not turned on.
  Tns error struct:
    nr err code: 0
    ns main err code: 12535
    TNS-12535: TNS:operation timed out
    ns secondary err code: 12560
    nt main err code: 505
    TNS-00505: Operation timed out
    nt secondary err code: 60
    nt OS err code: 0


***********************************************************************
Fatal NI connect error 12535, connecting to:
 (DESCRIPTION=(ADDRESS=(PROTOCOL=TCP)(HOST=160.100.1.77)(PORT=1521))(CONNECT_DATA=(SERVICE_NAME=ulis)(CID=(PROGRAM=C:\Sybase\PowerBuilder 10.5\PB105.EXE)(HOST=IM-ARRAN02)(USER=arran_siu))))

  VERSION INFORMATION:
	TNS for 32-bit Windows: Version 9.2.0.1.0 - Production
	Windows NT TCP/IP NT Protocol Adapter for 32-bit Windows: Version 9.2.0.1.0 - Production
  Time: 18-AUG-2020 16:38:25
  Tracing not turned on.
  Tns error struct:
    nr err code: 0
    ns main err code: 12535
    TNS-12535: TNS:operation timed out
    ns secondary err code: 12560
    nt main err code: 505
    TNS-00505: Operation timed out
    nt secondary err code: 60
    nt OS err code: 0


***********************************************************************
Fatal NI connect error 12535, connecting to:
 (DESCRIPTION=(ADDRESS=(PROTOCOL=TCP)(HOST=160.100.2.88)(PORT=1521))(CONNECT_DATA=(SERVICE_NAME=trpt)(CID=(PROGRAM=C:\Sybase\PowerBuilder 10.5\PB105.EXE)(HOST=IM-ARRAN02)(USER=arran_siu))))

  VERSION INFORMATION:
	TNS for 32-bit Windows: Version 9.2.0.1.0 - Production
	Windows NT TCP/IP NT Protocol Adapter for 32-bit Windows: Version 9.2.0.1.0 - Production
  Time: 18-AUG-2020 16:39:15
  Tracing not turned on.
  Tns error struct:
    nr err code: 0
    ns main err code: 12535
    TNS-12535: TNS:operation timed out
    ns secondary err code: 12560
    nt main err code: 505
    TNS-00505: Operation timed out
    nt secondary err code: 60
    nt OS err code: 0


***********************************************************************
Fatal NI connect error 12535, connecting to:
 (DESCRIPTION=(ADDRESS=(PROTOCOL=TCP)(HOST=160.100.1.77)(PORT=1521))(CONNECT_DATA=(SERVICE_NAME=ulis)(CID=(PROGRAM=C:\Sybase\PowerBuilder 10.5\PB105.EXE)(HOST=IM-ARRAN02)(USER=arran_siu))))

  VERSION INFORMATION:
	TNS for 32-bit Windows: Version 9.2.0.1.0 - Production
	Windows NT TCP/IP NT Protocol Adapter for 32-bit Windows: Version 9.2.0.1.0 - Production
  Time: 18-AUG-2020 16:40:29
  Tracing not turned on.
  Tns error struct:
    nr err code: 0
    ns main err code: 12535
    TNS-12535: TNS:operation timed out
    ns secondary err code: 12560
    nt main err code: 505
    TNS-00505: Operation timed out
    nt secondary err code: 60
    nt OS err code: 0


***********************************************************************
Fatal NI connect error 12514, connecting to:
 (DESCRIPTION=(ADDRESS=(PROTOCOL=TCP)(HOST=160.100.2.88)(PORT=1521))(CONNECT_DATA=(SERVICE_NAME=trpt)(CID=(PROGRAM=C:\Sybase\PowerBuilder 10.5\PB105.EXE)(HOST=IM-ARRAN02)(USER=arran_siu))))

  VERSION INFORMATION:
	TNS for 32-bit Windows: Version 9.2.0.1.0 - Production
	Windows NT TCP/IP NT Protocol Adapter for 32-bit Windows: Version 9.2.0.1.0 - Production
  Time: 18-AUG-2020 16:40:59
  Tracing not turned on.
  Tns error struct:
    nr err code: 0
    ns main err code: 12564
    TNS-12564: TNS:connection refused
    ns secondary err code: 0
    nt main err code: 0
    nt secondary err code: 0
    nt OS err code: 0


***********************************************************************
Fatal NI connect error 12514, connecting to:
 (DESCRIPTION=(ADDRESS=(PROTOCOL=TCP)(HOST=160.100.1.77)(PORT=1521))(CONNECT_DATA=(SERVICE_NAME=ulis)(CID=(PROGRAM=C:\app\Powerbuilder10.5\PB105.EXE)(HOST=IM-ARRAN)(USER=arran_siu))))

  VERSION INFORMATION:
	TNS for 32-bit Windows: Version 9.2.0.1.0 - Production
	Windows NT TCP/IP NT Protocol Adapter for 32-bit Windows: Version 9.2.0.1.0 - Production
  Time: 14-2¤ë -2023 08:38:53
  Tracing not turned on.
  Tns error struct:
    nr err code: 0
    ns main err code: 12564
    TNS-12564: TNS:connection refused
    ns secondary err code: 0
    nt main err code: 0
    nt secondary err code: 0
    nt OS err code: 0


***********************************************************************
Fatal NI connect error 12514, connecting to:
 (DESCRIPTION=(ADDRESS=(PROTOCOL=TCP)(HOST=160.100.2.88)(PORT=1521))(CONNECT_DATA=(SERVICE_NAME=trpt)(CID=(PROGRAM=C:\app\Powerbuilder10.5\PB105.EXE)(HOST=IM-ARRAN)(USER=arran_siu))))

  VERSION INFORMATION:
	TNS for 32-bit Windows: Version 9.2.0.1.0 - Production
	Windows NT TCP/IP NT Protocol Adapter for 32-bit Windows: Version 9.2.0.1.0 - Production
  Time: 14-2¤ë -2023 08:38:58
  Tracing not turned on.
  Tns error struct:
    nr err code: 0
    ns main err code: 12564
    TNS-12564: TNS:connection refused
    ns secondary err code: 0
    nt main err code: 0
    nt secondary err code: 0
    nt OS err code: 0


***********************************************************************
Fatal NI connect error 12514, connecting to:
 (DESCRIPTION=(ADDRESS=(PROTOCOL=TCP)(HOST=160.100.1.77)(PORT=1521))(CONNECT_DATA=(SERVICE_NAME=ulis)(CID=(PROGRAM=C:\app\Powerbuilder10.5\PB105.EXE)(HOST=IM-ARRAN)(USER=arran_siu))))

  VERSION INFORMATION:
	TNS for 32-bit Windows: Version 9.2.0.1.0 - Production
	Windows NT TCP/IP NT Protocol Adapter for 32-bit Windows: Version 9.2.0.1.0 - Production
  Time: 14-2¤ë -2023 08:39:06
  Tracing not turned on.
  Tns error struct:
    nr err code: 0
    ns main err code: 12564
    TNS-12564: TNS:connection refused
    ns secondary err code: 0
    nt main err code: 0
    nt secondary err code: 0
    nt OS err code: 0


***********************************************************************
Fatal NI connect error 12514, connecting to:
 (DESCRIPTION=(ADDRESS=(PROTOCOL=TCP)(HOST=160.100.2.88)(PORT=1521))(CONNECT_DATA=(SERVICE_NAME=trpt)(CID=(PROGRAM=C:\app\Powerbuilder10.5\PB105.EXE)(HOST=IM-ARRAN)(USER=arran_siu))))

  VERSION INFORMATION:
	TNS for 32-bit Windows: Version 9.2.0.1.0 - Production
	Windows NT TCP/IP NT Protocol Adapter for 32-bit Windows: Version 9.2.0.1.0 - Production
  Time: 14-2¤ë -2023 08:39:10
  Tracing not turned on.
  Tns error struct:
    nr err code: 0
    ns main err code: 12564
    TNS-12564: TNS:connection refused
    ns secondary err code: 0
    nt main err code: 0
    nt secondary err code: 0
    nt OS err code: 0


***********************************************************************
Fatal NI connect error 12514, connecting to:
 (DESCRIPTION=(ADDRESS=(PROTOCOL=TCP)(HOST=160.100.1.77)(PORT=1521))(CONNECT_DATA=(SERVICE_NAME=ulis)(CID=(PROGRAM=C:\app\Powerbuilder10.5\PB105.EXE)(HOST=IM-ARRAN)(USER=arran_siu))))

  VERSION INFORMATION:
	TNS for 32-bit Windows: Version 9.2.0.1.0 - Production
	Windows NT TCP/IP NT Protocol Adapter for 32-bit Windows: Version 9.2.0.1.0 - Production
  Time: 14-2¤ë -2023 08:39:20
  Tracing not turned on.
  Tns error struct:
    nr err code: 0
    ns main err code: 12564
    TNS-12564: TNS:connection refused
    ns secondary err code: 0
    nt main err code: 0
    nt secondary err code: 0
    nt OS err code: 0


***********************************************************************
Fatal NI connect error 12514, connecting to:
 (DESCRIPTION=(ADDRESS=(PROTOCOL=TCP)(HOST=160.100.2.88)(PORT=1521))(CONNECT_DATA=(SERVICE_NAME=trpt)(CID=(PROGRAM=C:\app\Powerbuilder10.5\PB105.EXE)(HOST=IM-ARRAN)(USER=arran_siu))))

  VERSION INFORMATION:
	TNS for 32-bit Windows: Version 9.2.0.1.0 - Production
	Windows NT TCP/IP NT Protocol Adapter for 32-bit Windows: Version 9.2.0.1.0 - Production
  Time: 14-2¤ë -2023 08:39:24
  Tracing not turned on.
  Tns error struct:
    nr err code: 0
    ns main err code: 12564
    TNS-12564: TNS:connection refused
    ns secondary err code: 0
    nt main err code: 0
    nt secondary err code: 0
    nt OS err code: 0


***********************************************************************
Fatal NI connect error 12528, connecting to:
 (DESCRIPTION=(ADDRESS=(PROTOCOL=TCP)(HOST=160.100.1.77)(PORT=1521))(CONNECT_DATA=(SERVICE_NAME=ulis)(CID=(PROGRAM=C:\app\Powerbuilder10.5\PB105.EXE)(HOST=IM-ARRAN)(USER=arran_siu))))

  VERSION INFORMATION:
	TNS for 32-bit Windows: Version 9.2.0.1.0 - Production
	Windows NT TCP/IP NT Protocol Adapter for 32-bit Windows: Version 9.2.0.1.0 - Production
  Time: 14-2¤ë -2023 08:43:45
  Tracing not turned on.
  Tns error struct:
    nr err code: 0
    ns main err code: 12564
    TNS-12564: TNS:connection refused
    ns secondary err code: 0
    nt main err code: 0
    nt secondary err code: 0
    nt OS err code: 0


***********************************************************************
Fatal NI connect error 12514, connecting to:
 (DESCRIPTION=(ADDRESS=(PROTOCOL=TCP)(HOST=160.100.2.88)(PORT=1521))(CONNECT_DATA=(SERVICE_NAME=trpt)(CID=(PROGRAM=C:\app\Powerbuilder10.5\PB105.EXE)(HOST=IM-ARRAN)(USER=arran_siu))))

  VERSION INFORMATION:
	TNS for 32-bit Windows: Version 9.2.0.1.0 - Production
	Windows NT TCP/IP NT Protocol Adapter for 32-bit Windows: Version 9.2.0.1.0 - Production
  Time: 14-2¤ë -2023 08:43:49
  Tracing not turned on.
  Tns error struct:
    nr err code: 0
    ns main err code: 12564
    TNS-12564: TNS:connection refused
    ns secondary err code: 0
    nt main err code: 0
    nt secondary err code: 0
    nt OS err code: 0


***********************************************************************
Fatal NI connect error 12514, connecting to:
 (DESCRIPTION=(ADDRESS=(PROTOCOL=TCP)(HOST=160.100.1.77)(PORT=1521))(CONNECT_DATA=(SERVICE_NAME=ulis)(CID=(PROGRAM=C:\app\Powerbuilder10.5\PB105.EXE)(HOST=IM-ARRAN)(USER=arran_siu))))

  VERSION INFORMATION:
	TNS for 32-bit Windows: Version 9.2.0.1.0 - Production
	Windows NT TCP/IP NT Protocol Adapter for 32-bit Windows: Version 9.2.0.1.0 - Production
  Time: 14-2¤ë -2023 09:07:20
  Tracing not turned on.
  Tns error struct:
    nr err code: 0
    ns main err code: 12564
    TNS-12564: TNS:connection refused
    ns secondary err code: 0
    nt main err code: 0
    nt secondary err code: 0
    nt OS err code: 0


***********************************************************************
Fatal NI connect error 12514, connecting to:
 (DESCRIPTION=(ADDRESS=(PROTOCOL=TCP)(HOST=160.100.2.88)(PORT=1521))(CONNECT_DATA=(SERVICE_NAME=trpt)(CID=(PROGRAM=C:\app\Powerbuilder10.5\PB105.EXE)(HOST=IM-ARRAN)(USER=arran_siu))))

  VERSION INFORMATION:
	TNS for 32-bit Windows: Version 9.2.0.1.0 - Production
	Windows NT TCP/IP NT Protocol Adapter for 32-bit Windows: Version 9.2.0.1.0 - Production
  Time: 14-2¤ë -2023 09:07:25
  Tracing not turned on.
  Tns error struct:
    nr err code: 0
    ns main err code: 12564
    TNS-12564: TNS:connection refused
    ns secondary err code: 0
    nt main err code: 0
    nt secondary err code: 0
    nt OS err code: 0


***********************************************************************
Fatal NI connect error 12514, connecting to:
 (DESCRIPTION=(ADDRESS=(PROTOCOL=TCP)(HOST=160.100.1.77)(PORT=1521))(CONNECT_DATA=(SERVICE_NAME=ulis)(CID=(PROGRAM=C:\app\Powerbuilder10.5\PB105.EXE)(HOST=IM-ARRAN)(USER=arran_siu))))

  VERSION INFORMATION:
	TNS for 32-bit Windows: Version 9.2.0.1.0 - Production
	Windows NT TCP/IP NT Protocol Adapter for 32-bit Windows: Version 9.2.0.1.0 - Production
  Time: 14-2¤ë -2023 14:03:20
  Tracing not turned on.
  Tns error struct:
    nr err code: 0
    ns main err code: 12564
    TNS-12564: TNS:connection refused
    ns secondary err code: 0
    nt main err code: 0
    nt secondary err code: 0
    nt OS err code: 0


***********************************************************************
Fatal NI connect error 12514, connecting to:
 (DESCRIPTION=(ADDRESS=(PROTOCOL=TCP)(HOST=160.100.2.88)(PORT=1521))(CONNECT_DATA=(SERVICE_NAME=trpt)(CID=(PROGRAM=C:\app\Powerbuilder10.5\PB105.EXE)(HOST=IM-ARRAN)(USER=arran_siu))))

  VERSION INFORMATION:
	TNS for 32-bit Windows: Version 9.2.0.1.0 - Production
	Windows NT TCP/IP NT Protocol Adapter for 32-bit Windows: Version 9.2.0.1.0 - Production
  Time: 14-2¤ë -2023 14:03:24
  Tracing not turned on.
  Tns error struct:
    nr err code: 0
    ns main err code: 12564
    TNS-12564: TNS:connection refused
    ns secondary err code: 0
    nt main err code: 0
    nt secondary err code: 0
    nt OS err code: 0
